<?xml version="1.0" encoding="UTF-8"?>
<testng-results skipped="0" failed="0" ignored="0" total="1" passed="1">
  <reporter-output>
  </reporter-output>
  <suite name="Default suite" duration-ms="8911" started-at="2021-03-08T01:51:00 IST" finished-at="2021-03-08T01:51:09 IST">
    <groups>
    </groups>
    <test name="Default test" duration-ms="8911" started-at="2021-03-08T01:51:00 IST" finished-at="2021-03-08T01:51:09 IST">
      <class name="SeleniumSessions.handligMultipleWindowTabs">
        <test-method status="PASS" signature="setup()[pri:0, instance:SeleniumSessions.handligMultipleWindowTabs@fe18270]" name="setup" is-config="true" duration-ms="8584" started-at="2021-03-08T01:51:00 IST" finished-at="2021-03-08T01:51:08 IST">
          <reporter-output>
          </reporter-output>
        </test-method> <!-- setup -->
        <test-method status="PASS" signature="openTab()[pri:0, instance:SeleniumSessions.handligMultipleWindowTabs@fe18270]" name="openTab" duration-ms="265" started-at="2021-03-08T01:51:08 IST" finished-at="2021-03-08T01:51:09 IST">
          <reporter-output>
          </reporter-output>
        </test-method> <!-- openTab -->
      </class> <!-- SeleniumSessions.handligMultipleWindowTabs -->
    </test> <!-- Default test -->
  </suite> <!-- Default suite -->
</testng-results>
